<?xml version="1.0" encoding="UTF-8"?>
<!-- Generated by org.testng.reporters.JUnitXMLReporter -->
<testsuite ignored="2" hostname="DESKTOP-OJCQH18" failures="0" tests="1" name="Test" time="0.061" errors="0" timestamp="05 Apr 2021 02:49:55 GMT">
  <testcase classname="org.testng.Group" name="test2" time="0.017"/>
  <testcase classname="org.testng.Group" name="test1" time="0.0">
    <ignored/>
  </testcase> <!-- test1 -->
  <testcase classname="org.testng.Group" name="test3" time="0.0">
    <ignored/>
  </testcase> <!-- test3 -->
</testsuite> <!-- Test -->
